This is pdfTeX, Version 3.141592653-2.6-1.40.25 (MiKTeX 23.10) (preloaded format=pdflatex 2023.10.21)  20 MAY 2026 21:23
entering extended mode
 restricted \write18 enabled.
 %&-line parsing enabled.
**./rank3automata.tex
(rank3automata.tex
LaTeX2e <2023-06-01> patch level 1
L3 programming layer <2023-08-29>
(C:\Users\Catherine\AppData\Local\Programs\MiKTeX\tex/latex/base\article.cls
Document Class: article 2023/05/17 v1.4n Standard LaTeX document class
(C:\Users\Catherine\AppData\Local\Programs\MiKTeX\tex/latex/base\size11.clo
File: size11.clo 2023/05/17 v1.4n Standard LaTeX file (size option)
)
\c@part=\count185
\c@section=\count186
\c@subsection=\count187
\c@subsubsection=\count188
\c@paragraph=\count189
\c@subparagraph=\count190
\c@figure=\count191
\c@table=\count192
\abovecaptionskip=\skip48
\belowcaptionskip=\skip49
\bibindent=\dimen140
)
(C:\Users\Catherine\AppData\Local\Programs\MiKTeX\tex/latex/base\fontenc.sty
Package: fontenc 2021/04/29 v2.0v Standard LaTeX package
)
(C:\Users\Catherine\AppData\Local\Programs\MiKTeX\tex/latex/base\inputenc.sty
Package: inputenc 2021/02/14 v1.3d Input encoding file
\inpenc@prehook=\toks17
\inpenc@posthook=\toks18
)
(C:\Users\Catherine\AppData\Local\Programs\MiKTeX\tex/latex/lm\lmodern.sty
Package: lmodern 2015/05/01 v1.6.1 Latin Modern Fonts
LaTeX Font Info:    Overwriting symbol font `operators' in version `normal'
(Font)                  OT1/cmr/m/n --> OT1/lmr/m/n on input line 22.
LaTeX Font Info:    Overwriting symbol font `letters' in version `normal'
(Font)                  OML/cmm/m/it --> OML/lmm/m/it on input line 23.
LaTeX Font Info:    Overwriting symbol font `symbols' in version `normal'
(Font)                  OMS/cmsy/m/n --> OMS/lmsy/m/n on input line 24.
LaTeX Font Info:    Overwriting symbol font `largesymbols' in version `normal'
(Font)                  OMX/cmex/m/n --> OMX/lmex/m/n on input line 25.
LaTeX Font Info:    Overwriting symbol font `operators' in version `bold'
(Font)                  OT1/cmr/bx/n --> OT1/lmr/bx/n on input line 26.
LaTeX Font Info:    Overwriting symbol font `letters' in version `bold'
(Font)                  OML/cmm/b/it --> OML/lmm/b/it on input line 27.
LaTeX Font Info:    Overwriting symbol font `symbols' in version `bold'
(Font)                  OMS/cmsy/b/n --> OMS/lmsy/b/n on input line 28.
LaTeX Font Info:    Overwriting symbol font `largesymbols' in version `bold'
(Font)                  OMX/cmex/m/n --> OMX/lmex/m/n on input line 29.
LaTeX Font Info:    Overwriting math alphabet `\mathbf' in version `normal'
(Font)                  OT1/cmr/bx/n --> OT1/lmr/bx/n on input line 31.
LaTeX Font Info:    Overwriting math alphabet `\mathsf' in version `normal'
(Font)                  OT1/cmss/m/n --> OT1/lmss/m/n on input line 32.
LaTeX Font Info:    Overwriting math alphabet `\mathit' in version `normal'
(Font)                  OT1/cmr/m/it --> OT1/lmr/m/it on input line 33.
LaTeX Font Info:    Overwriting math alphabet `\mathtt' in version `normal'
(Font)                  OT1/cmtt/m/n --> OT1/lmtt/m/n on input line 34.
LaTeX Font Info:    Overwriting math alphabet `\mathbf' in version `bold'
(Font)                  OT1/cmr/bx/n --> OT1/lmr/bx/n on input line 35.
LaTeX Font Info:    Overwriting math alphabet `\mathsf' in version `bold'
(Font)                  OT1/cmss/bx/n --> OT1/lmss/bx/n on input line 36.
LaTeX Font Info:    Overwriting math alphabet `\mathit' in version `bold'
(Font)                  OT1/cmr/bx/it --> OT1/lmr/bx/it on input line 37.
LaTeX Font Info:    Overwriting math alphabet `\mathtt' in version `bold'
(Font)                  OT1/cmtt/m/n --> OT1/lmtt/m/n on input line 38.
)
(C:\Users\Catherine\AppData\Local\Programs\MiKTeX\tex/latex/amsmath\amsmath.sty
Package: amsmath 2023/05/13 v2.17o AMS math features
\@mathmargin=\skip50
For additional information on amsmath, use the `?' option.

(C:\Users\Catherine\AppData\Local\Programs\MiKTeX\tex/latex/amsmath\amstext.sty
Package: amstext 2021/08/26 v2.01 AMS text
(C:\Users\Catherine\AppData\Local\Programs\MiKTeX\tex/latex/amsmath\amsgen.sty
File: amsgen.sty 1999/11/30 v2.0 generic functions
\@emptytoks=\toks19
\ex@=\dimen141
))
(C:\Users\Catherine\AppData\Local\Programs\MiKTeX\tex/latex/amsmath\amsbsy.sty
Package: amsbsy 1999/11/29 v1.2d Bold Symbols
\pmbraise@=\dimen142
) (C:\Users\Catherine\AppData\Local\Programs\MiKTeX\tex/latex/amsmath\amsopn.st
y
Package: amsopn 2022/04/08 v2.04 operator names
)
\inf@bad=\count193
LaTeX Info: Redefining \frac on input line 234.
\uproot@=\count194
\leftroot@=\count195
LaTeX Info: Redefining \overline on input line 399.
LaTeX Info: Redefining \colon on input line 410.
\classnum@=\count196
\DOTSCASE@=\count197
LaTeX Info: Redefining \ldots on input line 496.
LaTeX Info: Redefining \dots on input line 499.
LaTeX Info: Redefining \cdots on input line 620.
\Mathstrutbox@=\box51
\strutbox@=\box52
LaTeX Info: Redefining \big on input line 722.
LaTeX Info: Redefining \Big on input line 723.
LaTeX Info: Redefining \bigg on input line 724.
LaTeX Info: Redefining \Bigg on input line 725.
\big@size=\dimen143
LaTeX Font Info:    Redeclaring font encoding OML on input line 743.
LaTeX Font Info:    Redeclaring font encoding OMS on input line 744.
\macc@depth=\count198
LaTeX Info: Redefining \bmod on input line 905.
LaTeX Info: Redefining \pmod on input line 910.
LaTeX Info: Redefining \smash on input line 940.
LaTeX Info: Redefining \relbar on input line 970.
LaTeX Info: Redefining \Relbar on input line 971.
\c@MaxMatrixCols=\count199
\dotsspace@=\muskip16
\c@parentequation=\count266
\dspbrk@lvl=\count267
\tag@help=\toks20
\row@=\count268
\column@=\count269
\maxfields@=\count270
\andhelp@=\toks21
\eqnshift@=\dimen144
\alignsep@=\dimen145
\tagshift@=\dimen146
\tagwidth@=\dimen147
\totwidth@=\dimen148
\lineht@=\dimen149
\@envbody=\toks22
\multlinegap=\skip51
\multlinetaggap=\skip52
\mathdisplay@stack=\toks23
LaTeX Info: Redefining \[ on input line 2953.
LaTeX Info: Redefining \] on input line 2954.
)
(C:\Users\Catherine\AppData\Local\Programs\MiKTeX\tex/latex/amsfonts\amssymb.st
y
Package: amssymb 2013/01/14 v3.01 AMS font symbols

(C:\Users\Catherine\AppData\Local\Programs\MiKTeX\tex/latex/amsfonts\amsfonts.s
ty
Package: amsfonts 2013/01/14 v3.01 Basic AMSFonts support
\symAMSa=\mathgroup4
\symAMSb=\mathgroup5
LaTeX Font Info:    Redeclaring math symbol \hbar on input line 98.
LaTeX Font Info:    Overwriting math alphabet `\mathfrak' in version `bold'
(Font)                  U/euf/m/n --> U/euf/b/n on input line 106.
))
(C:\Users\Catherine\AppData\Local\Programs\MiKTeX\tex/latex/amscls\amsthm.sty
Package: amsthm 2020/05/29 v2.20.6
\thm@style=\toks24
\thm@bodyfont=\toks25
\thm@headfont=\toks26
\thm@notefont=\toks27
\thm@headpunct=\toks28
\thm@preskip=\skip53
\thm@postskip=\skip54
\thm@headsep=\skip55
\dth@everypar=\toks29
)
(C:\Users\Catherine\AppData\Local\Programs\MiKTeX\tex/latex/enumitem\enumitem.s
ty
Package: enumitem 2019/06/20 v3.9 Customized lists
\enitkv@toks@=\toks30
\labelindent=\skip56
\enit@outerparindent=\dimen150
\enit@toks=\toks31
\enit@inbox=\box53
\enit@count@id=\count271
\enitdp@description=\count272
)
(C:\Users\Catherine\AppData\Local\Programs\MiKTeX\tex/latex/geometry\geometry.s
ty
Package: geometry 2020/01/02 v5.9 Page Geometry

(C:\Users\Catherine\AppData\Local\Programs\MiKTeX\tex/latex/graphics\keyval.sty
Package: keyval 2022/05/29 v1.15 key=value parser (DPC)
\KV@toks@=\toks32
)
(C:\Users\Catherine\AppData\Local\Programs\MiKTeX\tex/generic/iftex\ifvtex.sty
Package: ifvtex 2019/10/25 v1.7 ifvtex legacy package. Use iftex instead.

(C:\Users\Catherine\AppData\Local\Programs\MiKTeX\tex/generic/iftex\iftex.sty
Package: iftex 2022/02/03 v1.0f TeX engine tests
))
\Gm@cnth=\count273
\Gm@cntv=\count274
\c@Gm@tempcnt=\count275
\Gm@bindingoffset=\dimen151
\Gm@wd@mp=\dimen152
\Gm@odd@mp=\dimen153
\Gm@even@mp=\dimen154
\Gm@layoutwidth=\dimen155
\Gm@layoutheight=\dimen156
\Gm@layouthoffset=\dimen157
\Gm@layoutvoffset=\dimen158
\Gm@dimlist=\toks33

(C:\Users\Catherine\AppData\Local\Programs\MiKTeX\tex/latex/geometry\geometry.c
fg))
(C:\Users\Catherine\AppData\Local\Programs\MiKTeX\tex/latex/pgf/frontendlayer\t
ikz.sty
(C:\Users\Catherine\AppData\Local\Programs\MiKTeX\tex/latex/pgf/basiclayer\pgf.
sty
(C:\Users\Catherine\AppData\Local\Programs\MiKTeX\tex/latex/pgf/utilities\pgfrc
s.sty
(C:\Users\Catherine\AppData\Local\Programs\MiKTeX\tex/generic/pgf/utilities\pgf
util-common.tex
\pgfutil@everybye=\toks34
\pgfutil@tempdima=\dimen159
\pgfutil@tempdimb=\dimen160
)
(C:\Users\Catherine\AppData\Local\Programs\MiKTeX\tex/generic/pgf/utilities\pgf
util-latex.def
\pgfutil@abb=\box54
)
(C:\Users\Catherine\AppData\Local\Programs\MiKTeX\tex/generic/pgf/utilities\pgf
rcs.code.tex
(C:\Users\Catherine\AppData\Local\Programs\MiKTeX\tex/generic/pgf\pgf.revision.
tex)
Package: pgfrcs 2023-01-15 v3.1.10 (3.1.10)
))
Package: pgf 2023-01-15 v3.1.10 (3.1.10)

(C:\Users\Catherine\AppData\Local\Programs\MiKTeX\tex/latex/pgf/basiclayer\pgfc
ore.sty
(C:\Users\Catherine\AppData\Local\Programs\MiKTeX\tex/latex/graphics\graphicx.s
ty
Package: graphicx 2021/09/16 v1.2d Enhanced LaTeX Graphics (DPC,SPQR)

(C:\Users\Catherine\AppData\Local\Programs\MiKTeX\tex/latex/graphics\graphics.s
ty
Package: graphics 2022/03/10 v1.4e Standard LaTeX Graphics (DPC,SPQR)

(C:\Users\Catherine\AppData\Local\Programs\MiKTeX\tex/latex/graphics\trig.sty
Package: trig 2021/08/11 v1.11 sin cos tan (DPC)
)
(C:\Users\Catherine\AppData\Local\Programs\MiKTeX\tex/latex/graphics-cfg\graphi
cs.cfg
File: graphics.cfg 2016/06/04 v1.11 sample graphics configuration
)
Package graphics Info: Driver file: pdftex.def on input line 107.

(C:\Users\Catherine\AppData\Local\Programs\MiKTeX\tex/latex/graphics-def\pdftex
.def
File: pdftex.def 2022/09/22 v1.2b Graphics/color driver for pdftex
))
\Gin@req@height=\dimen161
\Gin@req@width=\dimen162
)
(C:\Users\Catherine\AppData\Local\Programs\MiKTeX\tex/latex/pgf/systemlayer\pgf
sys.sty
(C:\Users\Catherine\AppData\Local\Programs\MiKTeX\tex/generic/pgf/systemlayer\p
gfsys.code.tex
Package: pgfsys 2023-01-15 v3.1.10 (3.1.10)

(C:\Users\Catherine\AppData\Local\Programs\MiKTeX\tex/generic/pgf/utilities\pgf
keys.code.tex
\pgfkeys@pathtoks=\toks35
\pgfkeys@temptoks=\toks36

(C:\Users\Catherine\AppData\Local\Programs\MiKTeX\tex/generic/pgf/utilities\pgf
keyslibraryfiltered.code.tex
\pgfkeys@tmptoks=\toks37
))
\pgf@x=\dimen163
\pgf@y=\dimen164
\pgf@xa=\dimen165
\pgf@ya=\dimen166
\pgf@xb=\dimen167
\pgf@yb=\dimen168
\pgf@xc=\dimen169
\pgf@yc=\dimen170
\pgf@xd=\dimen171
\pgf@yd=\dimen172
\w@pgf@writea=\write3
\r@pgf@reada=\read2
\c@pgf@counta=\count276
\c@pgf@countb=\count277
\c@pgf@countc=\count278
\c@pgf@countd=\count279
\t@pgf@toka=\toks38
\t@pgf@tokb=\toks39
\t@pgf@tokc=\toks40
\pgf@sys@id@count=\count280

(C:\Users\Catherine\AppData\Local\Programs\MiKTeX\tex/generic/pgf/systemlayer\p
gf.cfg
File: pgf.cfg 2023-01-15 v3.1.10 (3.1.10)
)
Driver file for pgf: pgfsys-pdftex.def

(C:\Users\Catherine\AppData\Local\Programs\MiKTeX\tex/generic/pgf/systemlayer\p
gfsys-pdftex.def
File: pgfsys-pdftex.def 2023-01-15 v3.1.10 (3.1.10)

(C:\Users\Catherine\AppData\Local\Programs\MiKTeX\tex/generic/pgf/systemlayer\p
gfsys-common-pdf.def
File: pgfsys-common-pdf.def 2023-01-15 v3.1.10 (3.1.10)
)))
(C:\Users\Catherine\AppData\Local\Programs\MiKTeX\tex/generic/pgf/systemlayer\p
gfsyssoftpath.code.tex
File: pgfsyssoftpath.code.tex 2023-01-15 v3.1.10 (3.1.10)
\pgfsyssoftpath@smallbuffer@items=\count281
\pgfsyssoftpath@bigbuffer@items=\count282
)
(C:\Users\Catherine\AppData\Local\Programs\MiKTeX\tex/generic/pgf/systemlayer\p
gfsysprotocol.code.tex
File: pgfsysprotocol.code.tex 2023-01-15 v3.1.10 (3.1.10)
))
(C:\Users\Catherine\AppData\Local\Programs\MiKTeX\tex/latex/xcolor\xcolor.sty
Package: xcolor 2022/06/12 v2.14 LaTeX color extensions (UK)

(C:\Users\Catherine\AppData\Local\Programs\MiKTeX\tex/latex/graphics-cfg\color.
cfg
File: color.cfg 2016/01/02 v1.6 sample color configuration
)
Package xcolor Info: Driver file: pdftex.def on input line 227.

(C:\Users\Catherine\AppData\Local\Programs\MiKTeX\tex/latex/graphics\mathcolor.
ltx)
Package xcolor Info: Model `cmy' substituted by `cmy0' on input line 1353.
Package xcolor Info: Model `hsb' substituted by `rgb' on input line 1357.
Package xcolor Info: Model `RGB' extended on input line 1369.
Package xcolor Info: Model `HTML' substituted by `rgb' on input line 1371.
Package xcolor Info: Model `Hsb' substituted by `hsb' on input line 1372.
Package xcolor Info: Model `tHsb' substituted by `hsb' on input line 1373.
Package xcolor Info: Model `HSB' substituted by `hsb' on input line 1374.
Package xcolor Info: Model `Gray' substituted by `gray' on input line 1375.
Package xcolor Info: Model `wave' substituted by `hsb' on input line 1376.
)
(C:\Users\Catherine\AppData\Local\Programs\MiKTeX\tex/generic/pgf/basiclayer\pg
fcore.code.tex
Package: pgfcore 2023-01-15 v3.1.10 (3.1.10)

(C:\Users\Catherine\AppData\Local\Programs\MiKTeX\tex/generic/pgf/math\pgfmath.
code.tex
(C:\Users\Catherine\AppData\Local\Programs\MiKTeX\tex/generic/pgf/math\pgfmathu
til.code.tex)
(C:\Users\Catherine\AppData\Local\Programs\MiKTeX\tex/generic/pgf/math\pgfmathp
arser.code.tex
\pgfmath@dimen=\dimen173
\pgfmath@count=\count283
\pgfmath@box=\box55
\pgfmath@toks=\toks41
\pgfmath@stack@operand=\toks42
\pgfmath@stack@operation=\toks43
)
(C:\Users\Catherine\AppData\Local\Programs\MiKTeX\tex/generic/pgf/math\pgfmathf
unctions.code.tex)
(C:\Users\Catherine\AppData\Local\Programs\MiKTeX\tex/generic/pgf/math\pgfmathf
unctions.basic.code.tex)
(C:\Users\Catherine\AppData\Local\Programs\MiKTeX\tex/generic/pgf/math\pgfmathf
unctions.trigonometric.code.tex)
(C:\Users\Catherine\AppData\Local\Programs\MiKTeX\tex/generic/pgf/math\pgfmathf
unctions.random.code.tex)
(C:\Users\Catherine\AppData\Local\Programs\MiKTeX\tex/generic/pgf/math\pgfmathf
unctions.comparison.code.tex)
(C:\Users\Catherine\AppData\Local\Programs\MiKTeX\tex/generic/pgf/math\pgfmathf
unctions.base.code.tex)
(C:\Users\Catherine\AppData\Local\Programs\MiKTeX\tex/generic/pgf/math\pgfmathf
unctions.round.code.tex)
(C:\Users\Catherine\AppData\Local\Programs\MiKTeX\tex/generic/pgf/math\pgfmathf
unctions.misc.code.tex)
(C:\Users\Catherine\AppData\Local\Programs\MiKTeX\tex/generic/pgf/math\pgfmathf
unctions.integerarithmetics.code.tex)
(C:\Users\Catherine\AppData\Local\Programs\MiKTeX\tex/generic/pgf/math\pgfmathc
alc.code.tex)
(C:\Users\Catherine\AppData\Local\Programs\MiKTeX\tex/generic/pgf/math\pgfmathf
loat.code.tex
\c@pgfmathroundto@lastzeros=\count284
))
(C:\Users\Catherine\AppData\Local\Programs\MiKTeX\tex/generic/pgf/math\pgfint.c
ode.tex)
(C:\Users\Catherine\AppData\Local\Programs\MiKTeX\tex/generic/pgf/basiclayer\pg
fcorepoints.code.tex
File: pgfcorepoints.code.tex 2023-01-15 v3.1.10 (3.1.10)
\pgf@picminx=\dimen174
\pgf@picmaxx=\dimen175
\pgf@picminy=\dimen176
\pgf@picmaxy=\dimen177
\pgf@pathminx=\dimen178
\pgf@pathmaxx=\dimen179
\pgf@pathminy=\dimen180
\pgf@pathmaxy=\dimen181
\pgf@xx=\dimen182
\pgf@xy=\dimen183
\pgf@yx=\dimen184
\pgf@yy=\dimen185
\pgf@zx=\dimen186
\pgf@zy=\dimen187
)
(C:\Users\Catherine\AppData\Local\Programs\MiKTeX\tex/generic/pgf/basiclayer\pg
fcorepathconstruct.code.tex
File: pgfcorepathconstruct.code.tex 2023-01-15 v3.1.10 (3.1.10)
\pgf@path@lastx=\dimen188
\pgf@path@lasty=\dimen189
)
(C:\Users\Catherine\AppData\Local\Programs\MiKTeX\tex/generic/pgf/basiclayer\pg
fcorepathusage.code.tex
File: pgfcorepathusage.code.tex 2023-01-15 v3.1.10 (3.1.10)
\pgf@shorten@end@additional=\dimen190
\pgf@shorten@start@additional=\dimen191
)
(C:\Users\Catherine\AppData\Local\Programs\MiKTeX\tex/generic/pgf/basiclayer\pg
fcorescopes.code.tex
File: pgfcorescopes.code.tex 2023-01-15 v3.1.10 (3.1.10)
\pgfpic=\box56
\pgf@hbox=\box57
\pgf@layerbox@main=\box58
\pgf@picture@serial@count=\count285
)
(C:\Users\Catherine\AppData\Local\Programs\MiKTeX\tex/generic/pgf/basiclayer\pg
fcoregraphicstate.code.tex
File: pgfcoregraphicstate.code.tex 2023-01-15 v3.1.10 (3.1.10)
\pgflinewidth=\dimen192
)
(C:\Users\Catherine\AppData\Local\Programs\MiKTeX\tex/generic/pgf/basiclayer\pg
fcoretransformations.code.tex
File: pgfcoretransformations.code.tex 2023-01-15 v3.1.10 (3.1.10)
\pgf@pt@x=\dimen193
\pgf@pt@y=\dimen194
\pgf@pt@temp=\dimen195
)
(C:\Users\Catherine\AppData\Local\Programs\MiKTeX\tex/generic/pgf/basiclayer\pg
fcorequick.code.tex
File: pgfcorequick.code.tex 2023-01-15 v3.1.10 (3.1.10)
)
(C:\Users\Catherine\AppData\Local\Programs\MiKTeX\tex/generic/pgf/basiclayer\pg
fcoreobjects.code.tex
File: pgfcoreobjects.code.tex 2023-01-15 v3.1.10 (3.1.10)
)
(C:\Users\Catherine\AppData\Local\Programs\MiKTeX\tex/generic/pgf/basiclayer\pg
fcorepathprocessing.code.tex
File: pgfcorepathprocessing.code.tex 2023-01-15 v3.1.10 (3.1.10)
)
(C:\Users\Catherine\AppData\Local\Programs\MiKTeX\tex/generic/pgf/basiclayer\pg
fcorearrows.code.tex
File: pgfcorearrows.code.tex 2023-01-15 v3.1.10 (3.1.10)
\pgfarrowsep=\dimen196
)
(C:\Users\Catherine\AppData\Local\Programs\MiKTeX\tex/generic/pgf/basiclayer\pg
fcoreshade.code.tex
File: pgfcoreshade.code.tex 2023-01-15 v3.1.10 (3.1.10)
\pgf@max=\dimen197
\pgf@sys@shading@range@num=\count286
\pgf@shadingcount=\count287
)
(C:\Users\Catherine\AppData\Local\Programs\MiKTeX\tex/generic/pgf/basiclayer\pg
fcoreimage.code.tex
File: pgfcoreimage.code.tex 2023-01-15 v3.1.10 (3.1.10)
)
(C:\Users\Catherine\AppData\Local\Programs\MiKTeX\tex/generic/pgf/basiclayer\pg
fcoreexternal.code.tex
File: pgfcoreexternal.code.tex 2023-01-15 v3.1.10 (3.1.10)
\pgfexternal@startupbox=\box59
)
(C:\Users\Catherine\AppData\Local\Programs\MiKTeX\tex/generic/pgf/basiclayer\pg
fcorelayers.code.tex
File: pgfcorelayers.code.tex 2023-01-15 v3.1.10 (3.1.10)
)
(C:\Users\Catherine\AppData\Local\Programs\MiKTeX\tex/generic/pgf/basiclayer\pg
fcoretransparency.code.tex
File: pgfcoretransparency.code.tex 2023-01-15 v3.1.10 (3.1.10)
)
(C:\Users\Catherine\AppData\Local\Programs\MiKTeX\tex/generic/pgf/basiclayer\pg
fcorepatterns.code.tex
File: pgfcorepatterns.code.tex 2023-01-15 v3.1.10 (3.1.10)
)
(C:\Users\Catherine\AppData\Local\Programs\MiKTeX\tex/generic/pgf/basiclayer\pg
fcorerdf.code.tex
File: pgfcorerdf.code.tex 2023-01-15 v3.1.10 (3.1.10)
)))
(C:\Users\Catherine\AppData\Local\Programs\MiKTeX\tex/generic/pgf/modules\pgfmo
duleshapes.code.tex
File: pgfmoduleshapes.code.tex 2023-01-15 v3.1.10 (3.1.10)
\pgfnodeparttextbox=\box60
)
(C:\Users\Catherine\AppData\Local\Programs\MiKTeX\tex/generic/pgf/modules\pgfmo
duleplot.code.tex
File: pgfmoduleplot.code.tex 2023-01-15 v3.1.10 (3.1.10)
)
(C:\Users\Catherine\AppData\Local\Programs\MiKTeX\tex/latex/pgf/compatibility\p
gfcomp-version-0-65.sty
Package: pgfcomp-version-0-65 2023-01-15 v3.1.10 (3.1.10)
\pgf@nodesepstart=\dimen198
\pgf@nodesepend=\dimen199
)
(C:\Users\Catherine\AppData\Local\Programs\MiKTeX\tex/latex/pgf/compatibility\p
gfcomp-version-1-18.sty
Package: pgfcomp-version-1-18 2023-01-15 v3.1.10 (3.1.10)
))
(C:\Users\Catherine\AppData\Local\Programs\MiKTeX\tex/latex/pgf/utilities\pgffo
r.sty
(C:\Users\Catherine\AppData\Local\Programs\MiKTeX\tex/latex/pgf/utilities\pgfke
ys.sty
(C:\Users\Catherine\AppData\Local\Programs\MiKTeX\tex/generic/pgf/utilities\pgf
keys.code.tex))
(C:\Users\Catherine\AppData\Local\Programs\MiKTeX\tex/latex/pgf/math\pgfmath.st
y
(C:\Users\Catherine\AppData\Local\Programs\MiKTeX\tex/generic/pgf/math\pgfmath.
code.tex))
(C:\Users\Catherine\AppData\Local\Programs\MiKTeX\tex/generic/pgf/utilities\pgf
for.code.tex
Package: pgffor 2023-01-15 v3.1.10 (3.1.10)
\pgffor@iter=\dimen256
\pgffor@skip=\dimen257
\pgffor@stack=\toks44
\pgffor@toks=\toks45
))
(C:\Users\Catherine\AppData\Local\Programs\MiKTeX\tex/generic/pgf/frontendlayer
/tikz\tikz.code.tex
Package: tikz 2023-01-15 v3.1.10 (3.1.10)

(C:\Users\Catherine\AppData\Local\Programs\MiKTeX\tex/generic/pgf/libraries\pgf
libraryplothandlers.code.tex
File: pgflibraryplothandlers.code.tex 2023-01-15 v3.1.10 (3.1.10)
\pgf@plot@mark@count=\count288
\pgfplotmarksize=\dimen258
)
\tikz@lastx=\dimen259
\tikz@lasty=\dimen260
\tikz@lastxsaved=\dimen261
\tikz@lastysaved=\dimen262
\tikz@lastmovetox=\dimen263
\tikz@lastmovetoy=\dimen264
\tikzleveldistance=\dimen265
\tikzsiblingdistance=\dimen266
\tikz@figbox=\box61
\tikz@figbox@bg=\box62
\tikz@tempbox=\box63
\tikz@tempbox@bg=\box64
\tikztreelevel=\count289
\tikznumberofchildren=\count290
\tikznumberofcurrentchild=\count291
\tikz@fig@count=\count292

(C:\Users\Catherine\AppData\Local\Programs\MiKTeX\tex/generic/pgf/modules\pgfmo
dulematrix.code.tex
File: pgfmodulematrix.code.tex 2023-01-15 v3.1.10 (3.1.10)
\pgfmatrixcurrentrow=\count293
\pgfmatrixcurrentcolumn=\count294
\pgf@matrix@numberofcolumns=\count295
)
\tikz@expandcount=\count296

(C:\Users\Catherine\AppData\Local\Programs\MiKTeX\tex/generic/pgf/frontendlayer
/tikz/libraries\tikzlibrarytopaths.code.tex
File: tikzlibrarytopaths.code.tex 2023-01-15 v3.1.10 (3.1.10)
)))
(C:\Users\Catherine\AppData\Local\Programs\MiKTeX\tex/generic/pgf/frontendlayer
/tikz/libraries\tikzlibrarypositioning.code.tex
File: tikzlibrarypositioning.code.tex 2023-01-15 v3.1.10 (3.1.10)
)
(C:\Users\Catherine\AppData\Local\Programs\MiKTeX\tex/generic/pgf/libraries\pgf
libraryarrows.meta.code.tex
File: pgflibraryarrows.meta.code.tex 2023-01-15 v3.1.10 (3.1.10)
\pgfarrowinset=\dimen267
\pgfarrowlength=\dimen268
\pgfarrowwidth=\dimen269
\pgfarrowlinewidth=\dimen270
)
(C:\Users\Catherine\AppData\Local\Programs\MiKTeX\tex/generic/pgf/frontendlayer
/tikz/libraries\tikzlibraryfit.code.tex
File: tikzlibraryfit.code.tex 2023-01-15 v3.1.10 (3.1.10)
)
(C:\Users\Catherine\AppData\Local\Programs\MiKTeX\tex/generic/pgf/frontendlayer
/tikz/libraries\tikzlibrarycalc.code.tex
File: tikzlibrarycalc.code.tex 2023-01-15 v3.1.10 (3.1.10)
)
(C:\Users\Catherine\AppData\Local\Programs\MiKTeX\tex/latex/hyperref\hyperref.s
ty
Package: hyperref 2023-07-08 v7.01b Hypertext links for LaTeX

(C:\Users\Catherine\AppData\Local\Programs\MiKTeX\tex/generic/ltxcmds\ltxcmds.s
ty
Package: ltxcmds 2020-05-10 v1.25 LaTeX kernel commands for general use (HO)
)
(C:\Users\Catherine\AppData\Local\Programs\MiKTeX\tex/generic/pdftexcmds\pdftex
cmds.sty
Package: pdftexcmds 2020-06-27 v0.33 Utility functions of pdfTeX for LuaTeX (HO
)

(C:\Users\Catherine\AppData\Local\Programs\MiKTeX\tex/generic/infwarerr\infware
rr.sty
Package: infwarerr 2019/12/03 v1.5 Providing info/warning/error messages (HO)
)
Package pdftexcmds Info: \pdf@primitive is available.
Package pdftexcmds Info: \pdf@ifprimitive is available.
Package pdftexcmds Info: \pdfdraftmode found.
)
(C:\Users\Catherine\AppData\Local\Programs\MiKTeX\tex/latex/kvsetkeys\kvsetkeys
.sty
Package: kvsetkeys 2022-10-05 v1.19 Key value parser (HO)
)
(C:\Users\Catherine\AppData\Local\Programs\MiKTeX\tex/generic/kvdefinekeys\kvde
finekeys.sty
Package: kvdefinekeys 2019-12-19 v1.6 Define keys (HO)
)
(C:\Users\Catherine\AppData\Local\Programs\MiKTeX\tex/generic/pdfescape\pdfesca
pe.sty
Package: pdfescape 2019/12/09 v1.15 Implements pdfTeX's escape features (HO)
)
(C:\Users\Catherine\AppData\Local\Programs\MiKTeX\tex/latex/hycolor\hycolor.sty
Package: hycolor 2020-01-27 v1.10 Color options for hyperref/bookmark (HO)
)
(C:\Users\Catherine\AppData\Local\Programs\MiKTeX\tex/latex/letltxmacro\letltxm
acro.sty
Package: letltxmacro 2019/12/03 v1.6 Let assignment for LaTeX macros (HO)
)
(C:\Users\Catherine\AppData\Local\Programs\MiKTeX\tex/latex/auxhook\auxhook.sty
Package: auxhook 2019-12-17 v1.6 Hooks for auxiliary files (HO)
)
(C:\Users\Catherine\AppData\Local\Programs\MiKTeX\tex/latex/hyperref\nameref.st
y
Package: nameref 2023-08-07 v2.53 Cross-referencing by name of section

(C:\Users\Catherine\AppData\Local\Programs\MiKTeX\tex/latex/refcount\refcount.s
ty
Package: refcount 2019/12/15 v3.6 Data extraction from label references (HO)
)
(C:\Users\Catherine\AppData\Local\Programs\MiKTeX\tex/generic/gettitlestring\ge
ttitlestring.sty
Package: gettitlestring 2019/12/15 v1.6 Cleanup title references (HO)

(C:\Users\Catherine\AppData\Local\Programs\MiKTeX\tex/latex/kvoptions\kvoptions
.sty
Package: kvoptions 2022-06-15 v3.15 Key value format for package options (HO)
))
\c@section@level=\count297
)
(C:\Users\Catherine\AppData\Local\Programs\MiKTeX\tex/latex/etoolbox\etoolbox.s
ty
Package: etoolbox 2020/10/05 v2.5k e-TeX tools for LaTeX (JAW)
\etb@tempcnta=\count298
)
\@linkdim=\dimen271
\Hy@linkcounter=\count299
\Hy@pagecounter=\count300

(C:\Users\Catherine\AppData\Local\Programs\MiKTeX\tex/latex/hyperref\pd1enc.def
File: pd1enc.def 2023-07-08 v7.01b Hyperref: PDFDocEncoding definition (HO)
Now handling font encoding PD1 ...
... no UTF-8 mapping file for font encoding PD1
)
(C:\Users\Catherine\AppData\Local\Programs\MiKTeX\tex/generic/intcalc\intcalc.s
ty
Package: intcalc 2019/12/15 v1.3 Expandable calculations with integers (HO)
)
\Hy@SavedSpaceFactor=\count301

(C:\Users\Catherine\AppData\Local\Programs\MiKTeX\tex/latex/hyperref\puenc.def
File: puenc.def 2023-07-08 v7.01b Hyperref: PDF Unicode definition (HO)
Now handling font encoding PU ...
... no UTF-8 mapping file for font encoding PU
)
Package hyperref Info: Hyper figures OFF on input line 4167.
Package hyperref Info: Link nesting OFF on input line 4172.
Package hyperref Info: Hyper index ON on input line 4175.
Package hyperref Info: Plain pages OFF on input line 4182.
Package hyperref Info: Backreferencing OFF on input line 4187.
Package hyperref Info: Implicit mode ON; LaTeX internals redefined.
Package hyperref Info: Bookmarks ON on input line 4434.
\c@Hy@tempcnt=\count302
(C:\Users\Catherine\AppData\Local\Programs\MiKTeX\tex/latex/url\url.sty
\Urlmuskip=\muskip17
Package: url 2013/09/16  ver 3.4  Verb mode for urls, etc.
)
LaTeX Info: Redefining \url on input line 4772.
\XeTeXLinkMargin=\dimen272

(C:\Users\Catherine\AppData\Local\Programs\MiKTeX\tex/generic/bitset\bitset.sty
Package: bitset 2019/12/09 v1.3 Handle bit-vector datatype (HO)

(C:\Users\Catherine\AppData\Local\Programs\MiKTeX\tex/generic/bigintcalc\bigint
calc.sty
Package: bigintcalc 2019/12/15 v1.5 Expandable calculations on big integers (HO
)
))
\Fld@menulength=\count303
\Field@Width=\dimen273
\Fld@charsize=\dimen274
Package hyperref Info: Hyper figures OFF on input line 6051.
Package hyperref Info: Link nesting OFF on input line 6056.
Package hyperref Info: Hyper index ON on input line 6059.
Package hyperref Info: backreferencing OFF on input line 6066.
Package hyperref Info: Link coloring OFF on input line 6071.
Package hyperref Info: Link coloring with OCG OFF on input line 6076.
Package hyperref Info: PDF/A mode OFF on input line 6081.

(C:\Users\Catherine\AppData\Local\Programs\MiKTeX\tex/latex/base\atbegshi-ltx.s
ty
Package: atbegshi-ltx 2021/01/10 v1.0c Emulation of the original atbegshi
package with kernel methods
)
\Hy@abspage=\count304
\c@Item=\count305
\c@Hfootnote=\count306
)
Package hyperref Info: Driver (autodetected): hpdftex.

(C:\Users\Catherine\AppData\Local\Programs\MiKTeX\tex/latex/hyperref\hpdftex.de
f
File: hpdftex.def 2023-07-08 v7.01b Hyperref driver for pdfTeX

(C:\Users\Catherine\AppData\Local\Programs\MiKTeX\tex/latex/base\atveryend-ltx.
sty
Package: atveryend-ltx 2020/08/19 v1.0a Emulation of the original atveryend pac
kage
with kernel methods
)
\Fld@listcount=\count307
\c@bookmark@seq@number=\count308

(C:\Users\Catherine\AppData\Local\Programs\MiKTeX\tex/latex/rerunfilecheck\reru
nfilecheck.sty
Package: rerunfilecheck 2022-07-10 v1.10 Rerun checks for auxiliary files (HO)

(C:\Users\Catherine\AppData\Local\Programs\MiKTeX\tex/generic/uniquecounter\uni
quecounter.sty
Package: uniquecounter 2019/12/15 v1.4 Provide unlimited unique counter (HO)
)
Package uniquecounter Info: New unique counter `rerunfilecheck' on input line 2
85.
)
\Hy@SectionHShift=\skip57
)
\c@thm=\count309
LaTeX Font Info:    Trying to load font information for T1+lmr on input line 22
.

(C:\Users\Catherine\AppData\Local\Programs\MiKTeX\tex/latex/lm\t1lmr.fd
File: t1lmr.fd 2015/05/01 v1.6.1 Font defs for Latin Modern
)
(C:\Users\Catherine\AppData\Local\Programs\MiKTeX\tex/latex/l3backend\l3backend
-pdftex.def
File: l3backend-pdftex.def 2023-04-19 L3 backend support: PDF output (pdfTeX)
\l__color_backend_stack_int=\count310
\l__pdf_internal_box=\box65
) (rank3automata.aux)
\openout1 = `rank3automata.aux'.

LaTeX Font Info:    Checking defaults for OML/cmm/m/it on input line 22.
LaTeX Font Info:    ... okay on input line 22.
LaTeX Font Info:    Checking defaults for OMS/cmsy/m/n on input line 22.
LaTeX Font Info:    ... okay on input line 22.
LaTeX Font Info:    Checking defaults for OT1/cmr/m/n on input line 22.
LaTeX Font Info:    ... okay on input line 22.
LaTeX Font Info:    Checking defaults for T1/cmr/m/n on input line 22.
LaTeX Font Info:    ... okay on input line 22.
LaTeX Font Info:    Checking defaults for TS1/cmr/m/n on input line 22.
LaTeX Font Info:    ... okay on input line 22.
LaTeX Font Info:    Checking defaults for OMX/cmex/m/n on input line 22.
LaTeX Font Info:    ... okay on input line 22.
LaTeX Font Info:    Checking defaults for U/cmr/m/n on input line 22.
LaTeX Font Info:    ... okay on input line 22.
LaTeX Font Info:    Checking defaults for PD1/pdf/m/n on input line 22.
LaTeX Font Info:    ... okay on input line 22.
LaTeX Font Info:    Checking defaults for PU/pdf/m/n on input line 22.
LaTeX Font Info:    ... okay on input line 22.

*geometry* driver: auto-detecting
*geometry* detected driver: pdftex
*geometry* verbose mode - [ preamble ] result:
* driver: pdftex
* paper: a4paper
* layout: <same size as paper>
* layoutoffset:(h,v)=(0.0pt,0.0pt)
* modes: 
* h-part:(L,W,R)=(72.26999pt, 452.9679pt, 72.26999pt)
* v-part:(T,H,B)=(72.26999pt, 700.50687pt, 72.26999pt)
* \paperwidth=597.50787pt
* \paperheight=845.04684pt
* \textwidth=452.9679pt
* \textheight=700.50687pt
* \oddsidemargin=0.0pt
* \evensidemargin=0.0pt
* \topmargin=-37.0pt
* \headheight=12.0pt
* \headsep=25.0pt
* \topskip=11.0pt
* \footskip=30.0pt
* \marginparwidth=59.0pt
* \marginparsep=10.0pt
* \columnsep=10.0pt
* \skip\footins=10.0pt plus 4.0pt minus 2.0pt
* \hoffset=0.0pt
* \voffset=0.0pt
* \mag=1000
* \@twocolumnfalse
* \@twosidefalse
* \@mparswitchfalse
* \@reversemarginfalse
* (1in=72.27pt=25.4mm, 1cm=28.453pt)


(C:\Users\Catherine\AppData\Local\Programs\MiKTeX\tex/context/base/mkii\supp-pd
f.mkii
[Loading MPS to PDF converter (version 2006.09.02).]
\scratchcounter=\count311
\scratchdimen=\dimen275
\scratchbox=\box66
\nofMPsegments=\count312
\nofMParguments=\count313
\everyMPshowfont=\toks46
\MPscratchCnt=\count314
\MPscratchDim=\dimen276
\MPnumerator=\count315
\makeMPintoPDFobject=\count316
\everyMPtoPDFconversion=\toks47
)
(C:\Users\Catherine\AppData\Local\Programs\MiKTeX\tex/latex/epstopdf-pkg\epstop
df-base.sty
Package: epstopdf-base 2020-01-24 v2.11 Base part for package epstopdf
Package epstopdf-base Info: Redefining graphics rule for `.eps' on input line 4
85.

(C:\Users\Catherine\AppData\Local\Programs\MiKTeX\tex/latex/00miktex\epstopdf-s
ys.cfg
File: epstopdf-sys.cfg 2021/03/18 v2.0 Configuration of epstopdf for MiKTeX
))
Package hyperref Info: Link coloring OFF on input line 22.
 (rank3automata.out) (rank3automata.out)
\@outlinefile=\write4
\openout4 = `rank3automata.out'.

LaTeX Font Info:    Trying to load font information for OT1+lmr on input line 2
4.

(C:\Users\Catherine\AppData\Local\Programs\MiKTeX\tex/latex/lm\ot1lmr.fd
File: ot1lmr.fd 2015/05/01 v1.6.1 Font defs for Latin Modern
)
LaTeX Font Info:    Trying to load font information for OML+lmm on input line 2
4.

(C:\Users\Catherine\AppData\Local\Programs\MiKTeX\tex/latex/lm\omllmm.fd
File: omllmm.fd 2015/05/01 v1.6.1 Font defs for Latin Modern
)
LaTeX Font Info:    Trying to load font information for OMS+lmsy on input line 
24.

(C:\Users\Catherine\AppData\Local\Programs\MiKTeX\tex/latex/lm\omslmsy.fd
File: omslmsy.fd 2015/05/01 v1.6.1 Font defs for Latin Modern
)
LaTeX Font Info:    Trying to load font information for OMX+lmex on input line 
24.

(C:\Users\Catherine\AppData\Local\Programs\MiKTeX\tex/latex/lm\omxlmex.fd
File: omxlmex.fd 2015/05/01 v1.6.1 Font defs for Latin Modern
)
LaTeX Font Info:    External font `lmex10' loaded for size
(Font)              <12> on input line 24.
LaTeX Font Info:    External font `lmex10' loaded for size
(Font)              <8> on input line 24.
LaTeX Font Info:    External font `lmex10' loaded for size
(Font)              <6> on input line 24.
LaTeX Font Info:    Trying to load font information for U+msa on input line 24.


(C:\Users\Catherine\AppData\Local\Programs\MiKTeX\tex/latex/amsfonts\umsa.fd
File: umsa.fd 2013/01/14 v3.01 AMS symbols A
)
LaTeX Font Info:    Trying to load font information for U+msb on input line 24.


(C:\Users\Catherine\AppData\Local\Programs\MiKTeX\tex/latex/amsfonts\umsb.fd
File: umsb.fd 2013/01/14 v3.01 AMS symbols B
)
(rank3automata.toc
LaTeX Font Info:    External font `lmex10' loaded for size
(Font)              <10.95> on input line 3.
)
\tf@toc=\write5
\openout5 = `rank3automata.toc'.

 [1

{C:/Users/Catherine/AppData/Local/MiKTeX/fonts/map/pdftex/pdftex.map}{C:/Users/
Catherine/AppData/Local/Programs/MiKTeX/fonts/enc/dvips/lm/lm-ec.enc}]
LaTeX Font Info:    Trying to load font information for TS1+lmr on input line 7
9.

(C:\Users\Catherine\AppData\Local\Programs\MiKTeX\tex/latex/lm\ts1lmr.fd
File: ts1lmr.fd 2015/05/01 v1.6.1 Font defs for Latin Modern
)
[2{C:/Users/Catherine/AppData/Local/Programs/MiKTeX/fonts/enc/dvips/lm/lm-mathi
t.enc}{C:/Users/Catherine/AppData/Local/Programs/MiKTeX/fonts/enc/dvips/lm/lm-r
m.enc}{C:/Users/Catherine/AppData/Local/Programs/MiKTeX/fonts/enc/dvips/lm/lm-m
athsy.enc}{C:/Users/Catherine/AppData/Local/Programs/MiKTeX/fonts/enc/dvips/lm/
lm-ts1.enc}] [3]
LaTeX Font Info:    External font `lmex10' loaded for size
(Font)              <10> on input line 218.
LaTeX Font Info:    External font `lmex10' loaded for size
(Font)              <7> on input line 218.
LaTeX Font Info:    External font `lmex10' loaded for size
(Font)              <5> on input line 218.
 [4]
Underfull \hbox (badness 10000) in paragraph at lines 277--278

 []

[5] [6]
Overfull \hbox (12.37547pt too wide) detected at line 406
 []\OML/lmm/m/it/10.95 G \OMS/lmsy/m/n/10.95 2 [][]  [][]!  []  [][]!  []\OML/l
mm/m/it/10.95 k \OMS/lmsy/m/n/10.95   \OML/lmm/m/it/10.95 k \OT1/lmr/m/n/10.95 
+ 1[]
 []

LaTeX Font Info:    Trying to load font information for T1+lmtt on input line 4
25.
(C:\Users\Catherine\AppData\Local\Programs\MiKTeX\tex/latex/lm\t1lmtt.fd
File: t1lmtt.fd 2015/05/01 v1.6.1 Font defs for Latin Modern
)
[7] (ltt_appendix_generated.tex
Overfull \hbox (1.45589pt too wide) in paragraph at lines 4--6
\OMS/lmsy/m/n/10.95 f\OT1/lmr/m/n/10.95 1\OML/lmm/m/it/10.95 ; \OT1/lmr/m/n/10.
95 8\OML/lmm/m/it/10.95 ; \OT1/lmr/m/n/10.95 11\OML/lmm/m/it/10.95 ; \OT1/lmr/m
/n/10.95 19\OML/lmm/m/it/10.95 ; \OT1/lmr/m/n/10.95 53\OML/lmm/m/it/10.95 ; \OT
1/lmr/m/n/10.95 60\OML/lmm/m/it/10.95 ; \OT1/lmr/m/n/10.95 63\OML/lmm/m/it/10.9
5 ; \OT1/lmr/m/n/10.95 65\OML/lmm/m/it/10.95 ; \OT1/lmr/m/n/10.95 71\OML/lmm/m/
it/10.95 ; \OT1/lmr/m/n/10.95 80\OML/lmm/m/it/10.95 ; \OT1/lmr/m/n/10.95 103\OM
L/lmm/m/it/10.95 ; \OT1/lmr/m/n/10.95 110\OML/lmm/m/it/10.95 ; \OT1/lmr/m/n/10.
95 124\OML/lmm/m/it/10.95 ; \OT1/lmr/m/n/10.95 125\OML/lmm/m/it/10.95 ; \OT1/lm
r/m/n/10.95 154\OML/lmm/m/it/10.95 ; \OT1/lmr/m/n/10.95 160\OML/lmm/m/it/10.95 
; \OT1/lmr/m/n/10.95 164\OML/lmm/m/it/10.95 ; \OT1/lmr/m/n/10.95 165\OML/lmm/m/
it/10.95 ; \OT1/lmr/m/n/10.95 241\OML/lmm/m/it/10.95 ; \OT1/lmr/m/n/10.95 244\O
ML/lmm/m/it/10.95 ; \OT1/lmr/m/n/10.95 251\OML/lmm/m/it/10.95 ; \OT1/lmr/m/n/10
.95 257\OML/lmm/m/it/10.95 ; \OT1/lmr/m/n/10.95 261\OML/lmm/m/it/10.95 ; \OT1/l
mr/m/n/10.95 268\OMS/lmsy/m/n/10.95 g$\T1/lmr/m/n/10.95 ,
 []


Overfull \hbox (61.68077pt too wide) in paragraph at lines 52--54
\OT1/lmr/m/n/10.95 121\OML/lmm/m/it/10.95 ; \OT1/lmr/m/n/10.95 122\OML/lmm/m/it
/10.95 ; \OT1/lmr/m/n/10.95 127\OML/lmm/m/it/10.95 ; \OT1/lmr/m/n/10.95 129\OML
/lmm/m/it/10.95 ; \OT1/lmr/m/n/10.95 151\OML/lmm/m/it/10.95 ; \OT1/lmr/m/n/10.9
5 152\OML/lmm/m/it/10.95 ; \OT1/lmr/m/n/10.95 156\OML/lmm/m/it/10.95 ; \OT1/lmr
/m/n/10.95 158\OML/lmm/m/it/10.95 ; \OT1/lmr/m/n/10.95 161\OML/lmm/m/it/10.95 ;
 \OT1/lmr/m/n/10.95 162\OML/lmm/m/it/10.95 ; \OT1/lmr/m/n/10.95 167\OML/lmm/m/i
t/10.95 ; \OT1/lmr/m/n/10.95 169\OML/lmm/m/it/10.95 ; \OT1/lmr/m/n/10.95 245\OM
L/lmm/m/it/10.95 ; \OT1/lmr/m/n/10.95 246\OML/lmm/m/it/10.95 ; \OT1/lmr/m/n/10.
95 249\OML/lmm/m/it/10.95 ; \OT1/lmr/m/n/10.95 250\OML/lmm/m/it/10.95 ; \OT1/lm
r/m/n/10.95 252\OML/lmm/m/it/10.95 ; \OT1/lmr/m/n/10.95 253\OML/lmm/m/it/10.95 
; \OT1/lmr/m/n/10.95 259\OML/lmm/m/it/10.95 ; \OT1/lmr/m/n/10.95 260\OML/lmm/m/
it/10.95 ; \OT1/lmr/m/n/10.95 262\OML/lmm/m/it/10.95 ; \OT1/lmr/m/n/10.95 263\O
ML/lmm/m/it/10.95 ; \OT1/lmr/m/n/10.95 265\OML/lmm/m/it/10.95 ; \OT1/lmr/m/n/10
.95 266\OMS/lmsy/m/n/10.95 g$\T1/lmr/m/n/10.95 ,
 []

[8] [9]
Overfull \hbox (6.93088pt too wide) in paragraph at lines 196--198
\OMS/lmsy/m/n/10.95 f\OT1/lmr/m/n/10.95 9\OML/lmm/m/it/10.95 ; \OT1/lmr/m/n/10.
95 10\OML/lmm/m/it/10.95 ; \OT1/lmr/m/n/10.95 18\OML/lmm/m/it/10.95 ; \OT1/lmr/
m/n/10.95 20\OML/lmm/m/it/10.95 ; \OT1/lmr/m/n/10.95 54\OML/lmm/m/it/10.95 ; \O
T1/lmr/m/n/10.95 55\OML/lmm/m/it/10.95 ; \OT1/lmr/m/n/10.95 64\OML/lmm/m/it/10.
95 ; \OT1/lmr/m/n/10.95 70\OML/lmm/m/it/10.95 ; \OT1/lmr/m/n/10.95 78\OML/lmm/m
/it/10.95 ; \OT1/lmr/m/n/10.95 79\OML/lmm/m/it/10.95 ; \OT1/lmr/m/n/10.95 104\O
ML/lmm/m/it/10.95 ; \OT1/lmr/m/n/10.95 105\OML/lmm/m/it/10.95 ; \OT1/lmr/m/n/10
.95 123\OML/lmm/m/it/10.95 ; \OT1/lmr/m/n/10.95 130\OML/lmm/m/it/10.95 ; \OT1/l
mr/m/n/10.95 153\OML/lmm/m/it/10.95 ; \OT1/lmr/m/n/10.95 155\OML/lmm/m/it/10.95
 ; \OT1/lmr/m/n/10.95 163\OML/lmm/m/it/10.95 ; \OT1/lmr/m/n/10.95 170\OML/lmm/m
/it/10.95 ; \OT1/lmr/m/n/10.95 247\OML/lmm/m/it/10.95 ; \OT1/lmr/m/n/10.95 248\
OML/lmm/m/it/10.95 ; \OT1/lmr/m/n/10.95 254\OML/lmm/m/it/10.95 ; \OT1/lmr/m/n/1
0.95 258\OML/lmm/m/it/10.95 ; \OT1/lmr/m/n/10.95 264\OML/lmm/m/it/10.95 ; \OT1/
lmr/m/n/10.95 267\OMS/lmsy/m/n/10.95 g$\T1/lmr/m/n/10.95 ,
 []

[10]
Overfull \hbox (23.35585pt too wide) in paragraph at lines 244--246
\OMS/lmsy/m/n/10.95 f\OT1/lmr/m/n/10.95 21\OML/lmm/m/it/10.95 ; \OT1/lmr/m/n/10
.95 22\OML/lmm/m/it/10.95 ; \OT1/lmr/m/n/10.95 27\OML/lmm/m/it/10.95 ; \OT1/lmr
/m/n/10.95 29\OML/lmm/m/it/10.95 ; \OT1/lmr/m/n/10.95 81\OML/lmm/m/it/10.95 ; \
OT1/lmr/m/n/10.95 83\OML/lmm/m/it/10.95 ; \OT1/lmr/m/n/10.95 87\OML/lmm/m/it/10
.95 ; \OT1/lmr/m/n/10.95 90\OML/lmm/m/it/10.95 ; \OT1/lmr/m/n/10.95 131\OML/lmm
/m/it/10.95 ; \OT1/lmr/m/n/10.95 134\OML/lmm/m/it/10.95 ; \OT1/lmr/m/n/10.95 13
6\OML/lmm/m/it/10.95 ; \OT1/lmr/m/n/10.95 140\OML/lmm/m/it/10.95 ; \OT1/lmr/m/n
/10.95 181\OML/lmm/m/it/10.95 ; \OT1/lmr/m/n/10.95 184\OML/lmm/m/it/10.95 ; \OT
1/lmr/m/n/10.95 186\OML/lmm/m/it/10.95 ; \OT1/lmr/m/n/10.95 190\OML/lmm/m/it/10
.95 ; \OT1/lmr/m/n/10.95 191\OML/lmm/m/it/10.95 ; \OT1/lmr/m/n/10.95 194\OML/lm
m/m/it/10.95 ; \OT1/lmr/m/n/10.95 195\OML/lmm/m/it/10.95 ; \OT1/lmr/m/n/10.95 1
99\OML/lmm/m/it/10.95 ; \OT1/lmr/m/n/10.95 201\OML/lmm/m/it/10.95 ; \OT1/lmr/m/
n/10.95 202\OML/lmm/m/it/10.95 ; \OT1/lmr/m/n/10.95 207\OML/lmm/m/it/10.95 ; \O
T1/lmr/m/n/10.95 209\OMS/lmsy/m/n/10.95 g$\T1/lmr/m/n/10.95 ,
 []


Overfull \hbox (23.35585pt too wide) in paragraph at lines 292--294
\OMS/lmsy/m/n/10.95 f\OT1/lmr/m/n/10.95 23\OML/lmm/m/it/10.95 ; \OT1/lmr/m/n/10
.95 24\OML/lmm/m/it/10.95 ; \OT1/lmr/m/n/10.95 25\OML/lmm/m/it/10.95 ; \OT1/lmr
/m/n/10.95 30\OML/lmm/m/it/10.95 ; \OT1/lmr/m/n/10.95 82\OML/lmm/m/it/10.95 ; \
OT1/lmr/m/n/10.95 84\OML/lmm/m/it/10.95 ; \OT1/lmr/m/n/10.95 86\OML/lmm/m/it/10
.95 ; \OT1/lmr/m/n/10.95 89\OML/lmm/m/it/10.95 ; \OT1/lmr/m/n/10.95 132\OML/lmm
/m/it/10.95 ; \OT1/lmr/m/n/10.95 133\OML/lmm/m/it/10.95 ; \OT1/lmr/m/n/10.95 13
7\OML/lmm/m/it/10.95 ; \OT1/lmr/m/n/10.95 138\OML/lmm/m/it/10.95 ; \OT1/lmr/m/n
/10.95 182\OML/lmm/m/it/10.95 ; \OT1/lmr/m/n/10.95 185\OML/lmm/m/it/10.95 ; \OT
1/lmr/m/n/10.95 188\OML/lmm/m/it/10.95 ; \OT1/lmr/m/n/10.95 189\OML/lmm/m/it/10
.95 ; \OT1/lmr/m/n/10.95 192\OML/lmm/m/it/10.95 ; \OT1/lmr/m/n/10.95 196\OML/lm
m/m/it/10.95 ; \OT1/lmr/m/n/10.95 197\OML/lmm/m/it/10.95 ; \OT1/lmr/m/n/10.95 2
00\OML/lmm/m/it/10.95 ; \OT1/lmr/m/n/10.95 203\OML/lmm/m/it/10.95 ; \OT1/lmr/m/
n/10.95 204\OML/lmm/m/it/10.95 ; \OT1/lmr/m/n/10.95 205\OML/lmm/m/it/10.95 ; \O
T1/lmr/m/n/10.95 210\OMS/lmsy/m/n/10.95 g$\T1/lmr/m/n/10.95 ,
 []

[11] [12]
Overfull \hbox (28.83084pt too wide) in paragraph at lines 388--390
\OMS/lmsy/m/n/10.95 f\OT1/lmr/m/n/10.95 31\OML/lmm/m/it/10.95 ; \OT1/lmr/m/n/10
.95 32\OML/lmm/m/it/10.95 ; \OT1/lmr/m/n/10.95 37\OML/lmm/m/it/10.95 ; \OT1/lmr
/m/n/10.95 39\OML/lmm/m/it/10.95 ; \OT1/lmr/m/n/10.95 91\OML/lmm/m/it/10.95 ; \
OT1/lmr/m/n/10.95 93\OML/lmm/m/it/10.95 ; \OT1/lmr/m/n/10.95 97\OML/lmm/m/it/10
.95 ; \OT1/lmr/m/n/10.95 100\OML/lmm/m/it/10.95 ; \OT1/lmr/m/n/10.95 141\OML/lm
m/m/it/10.95 ; \OT1/lmr/m/n/10.95 144\OML/lmm/m/it/10.95 ; \OT1/lmr/m/n/10.95 1
46\OML/lmm/m/it/10.95 ; \OT1/lmr/m/n/10.95 150\OML/lmm/m/it/10.95 ; \OT1/lmr/m/
n/10.95 211\OML/lmm/m/it/10.95 ; \OT1/lmr/m/n/10.95 214\OML/lmm/m/it/10.95 ; \O
T1/lmr/m/n/10.95 216\OML/lmm/m/it/10.95 ; \OT1/lmr/m/n/10.95 220\OML/lmm/m/it/1
0.95 ; \OT1/lmr/m/n/10.95 221\OML/lmm/m/it/10.95 ; \OT1/lmr/m/n/10.95 224\OML/l
mm/m/it/10.95 ; \OT1/lmr/m/n/10.95 225\OML/lmm/m/it/10.95 ; \OT1/lmr/m/n/10.95 
229\OML/lmm/m/it/10.95 ; \OT1/lmr/m/n/10.95 231\OML/lmm/m/it/10.95 ; \OT1/lmr/m
/n/10.95 232\OML/lmm/m/it/10.95 ; \OT1/lmr/m/n/10.95 237\OML/lmm/m/it/10.95 ; \
OT1/lmr/m/n/10.95 239\OMS/lmsy/m/n/10.95 g$\T1/lmr/m/n/10.95 ,
 []

[13]
Overfull \hbox (23.35585pt too wide) in paragraph at lines 436--438
\OMS/lmsy/m/n/10.95 f\OT1/lmr/m/n/10.95 33\OML/lmm/m/it/10.95 ; \OT1/lmr/m/n/10
.95 34\OML/lmm/m/it/10.95 ; \OT1/lmr/m/n/10.95 35\OML/lmm/m/it/10.95 ; \OT1/lmr
/m/n/10.95 40\OML/lmm/m/it/10.95 ; \OT1/lmr/m/n/10.95 92\OML/lmm/m/it/10.95 ; \
OT1/lmr/m/n/10.95 94\OML/lmm/m/it/10.95 ; \OT1/lmr/m/n/10.95 96\OML/lmm/m/it/10
.95 ; \OT1/lmr/m/n/10.95 99\OML/lmm/m/it/10.95 ; \OT1/lmr/m/n/10.95 142\OML/lmm
/m/it/10.95 ; \OT1/lmr/m/n/10.95 143\OML/lmm/m/it/10.95 ; \OT1/lmr/m/n/10.95 14
7\OML/lmm/m/it/10.95 ; \OT1/lmr/m/n/10.95 148\OML/lmm/m/it/10.95 ; \OT1/lmr/m/n
/10.95 212\OML/lmm/m/it/10.95 ; \OT1/lmr/m/n/10.95 215\OML/lmm/m/it/10.95 ; \OT
1/lmr/m/n/10.95 218\OML/lmm/m/it/10.95 ; \OT1/lmr/m/n/10.95 219\OML/lmm/m/it/10
.95 ; \OT1/lmr/m/n/10.95 222\OML/lmm/m/it/10.95 ; \OT1/lmr/m/n/10.95 226\OML/lm
m/m/it/10.95 ; \OT1/lmr/m/n/10.95 227\OML/lmm/m/it/10.95 ; \OT1/lmr/m/n/10.95 2
30\OML/lmm/m/it/10.95 ; \OT1/lmr/m/n/10.95 233\OML/lmm/m/it/10.95 ; \OT1/lmr/m/
n/10.95 234\OML/lmm/m/it/10.95 ; \OT1/lmr/m/n/10.95 235\OML/lmm/m/it/10.95 ; \O
T1/lmr/m/n/10.95 240\OMS/lmsy/m/n/10.95 g$\T1/lmr/m/n/10.95 ,
 []

[14] [15] [16])
Overfull \hbox (12.39389pt too wide) in paragraph at lines 432--432
[]\T1/lmr/bx/n/14.4 Output of Step 2 and Step 3 for the seed ltt struc-ture (Ta
sks []1.3[]
 []


Overfull \hbox (150.33952pt too wide) in paragraph at lines 434--435
\T1/lmr/m/it/10.95 Regenerating this ap-pendix. \T1/lmr/m/n/10.95 Run \T1/lmtt/
m/n/10.95 python generate_step2_appendix_tex.py \T1/lmr/m/n/10.95 and \T1/lmtt/
m/n/10.95 python generate_step3_appendix_tex.py
 []


Overfull \hbox (105.63724pt too wide) in paragraph at lines 434--435
\T1/lmr/m/n/10.95 from the repos-i-tory root; they fill \T1/lmtt/m/n/10.95 step
2_seed_appendix_generated.tex \T1/lmr/m/n/10.95 and \T1/lmtt/m/n/10.95 step3_se
ed_appendix_generated.tex
 []

[17] (step2_seed_appendix_generated.tex
Overfull \hbox (48.90593pt too wide) in paragraph at lines 14--15
\T1/lmr/m/n/10.95 not in-ci-dent to $\OML/lmm/m/it/10.95 d[]$ \T1/lmr/m/n/10.95
 (see \T1/lmtt/m/n/10.95 ltt_structures.terminal_ga_step2 \T1/lmr/m/n/10.95 and
 \T1/lmtt/m/n/10.95 ltt_structures.terminal_gb_step2\T1/lmr/m/n/10.95 ).
 []

[18]) (step3_seed_appendix_generated.tex [19] [20])
(preaut_appendix_generated.tex [21] [22] [23] [24]
LaTeX Font Info:    External font `lmex10' loaded for size
(Font)              <14.4> on input line 142.
 [25] [26] [27] [28] [29]
[30] [31] [32] [33] [34] [35] [36]
LaTeX Font Info:    External font `lmex10' loaded for size
(Font)              <17.28> on input line 766.
 [37

] [38

] [39

] [40]
Overfull \hbox (447.48508pt too wide) in paragraph at lines 915--916
[]$[][] \OT1/lmr/m/n/10.95 = \OMS/lmsy/m/n/10.95 f[][] \OT1/lmr/m/n/10.95 ([])\
OML/lmm/m/it/10.95 ; [][] \OT1/lmr/m/n/10.95 ([])\OML/lmm/m/it/10.95 ; [][] \OT
1/lmr/m/n/10.95 ([])\OML/lmm/m/it/10.95 ; [][] \OT1/lmr/m/n/10.95 (V)\OML/lmm/m
/it/10.95 ; [][] \OT1/lmr/m/n/10.95 ([])\OML/lmm/m/it/10.95 ; [][] \OT1/lmr/m/n
/10.95 ([])\OML/lmm/m/it/10.95 ; [][] \OT1/lmr/m/n/10.95 (I)\OML/lmm/m/it/10.95
 ; [][] \OT1/lmr/m/n/10.95 ([])\OML/lmm/m/it/10.95 ; [][] \OT1/lmr/m/n/10.95 ([
])\OML/lmm/m/it/10.95 ; [][] \OT1/lmr/m/n/10.95 ([])\OML/lmm/m/it/10.95 ; [][] 
\OT1/lmr/m/n/10.95 ([])\OML/lmm/m/it/10.95 ; [][] \OT1/lmr/m/n/10.95 (X)\OML/lm
m/m/it/10.95 ; [][] \OT1/lmr/m/n/10.95 ([])\OML/lmm/m/it/10.95 ; [][] \OT1/lmr/
m/n/10.95 ([])\OMS/lmsy/m/n/10.95 g$\T1/lmr/m/n/10.95 . 
 []

[41] [42]) (box_internal_maps_appendix_generated.tex
LaTeX Font Info:    External font `lmex10' loaded for size
(Font)              <9> on input line 30.
 [43] [44] [45] [46]
[47] [48] [49] [50] [51] [52] [53] [54] [55] [56] [57] [58] [59] [60]) [61]
[62] (rank3automata.aux)
 ***********
LaTeX2e <2023-06-01> patch level 1
L3 programming layer <2023-08-29>
 ***********
Package rerunfilecheck Info: File `rank3automata.out' has not changed.
(rerunfilecheck)             Checksum: FE89CDC7B10E74C0426D7824EE1C3870;2151.
 ) 
Here is how much of TeX's memory you used:
 23375 strings out of 475248
 430813 string characters out of 5755924
 1957785 words of memory out of 5000000
 43986 multiletter control sequences out of 15000+600000
 641684 words of font info for 104 fonts, out of 8000000 for 9000
 1141 hyphenation exceptions out of 8191
 102i,12n,107p,713b,968s stack positions out of 10000i,1000n,20000p,200000b,200000s
<C:/Users/Catherine/AppData/Local/Programs/MiKTeX/fonts/type1/public/lm/lmbx1
0.pfb><C:/Users/Catherine/AppData/Local/Programs/MiKTeX/fonts/type1/public/lm/l
mbx12.pfb><C:/Users/Catherine/AppData/Local/Programs/MiKTeX/fonts/type1/public/
lm/lmbxi10.pfb><C:/Users/Catherine/AppData/Local/Programs/MiKTeX/fonts/type1/pu
blic/lm/lmmi10.pfb><C:/Users/Catherine/AppData/Local/Programs/MiKTeX/fonts/type
1/public/lm/lmmi12.pfb><C:/Users/Catherine/AppData/Local/Programs/MiKTeX/fonts/
type1/public/lm/lmmi7.pfb><C:/Users/Catherine/AppData/Local/Programs/MiKTeX/fon
ts/type1/public/lm/lmmi8.pfb><C:/Users/Catherine/AppData/Local/Programs/MiKTeX/
fonts/type1/public/lm/lmr10.pfb><C:/Users/Catherine/AppData/Local/Programs/MiKT
eX/fonts/type1/public/lm/lmr12.pfb><C:/Users/Catherine/AppData/Local/Programs/M
iKTeX/fonts/type1/public/lm/lmr17.pfb><C:/Users/Catherine/AppData/Local/Program
s/MiKTeX/fonts/type1/public/lm/lmr6.pfb><C:/Users/Catherine/AppData/Local/Progr
ams/MiKTeX/fonts/type1/public/lm/lmr7.pfb><C:/Users/Catherine/AppData/Local/Pro
grams/MiKTeX/fonts/type1/public/lm/lmr8.pfb><C:/Users/Catherine/AppData/Local/P
rograms/MiKTeX/fonts/type1/public/lm/lmr9.pfb><C:/Users/Catherine/AppData/Local
/Programs/MiKTeX/fonts/type1/public/lm/lmri10.pfb><C:/Users/Catherine/AppData/L
ocal/Programs/MiKTeX/fonts/type1/public/lm/lmsy10.pfb><C:/Users/Catherine/AppDa
ta/Local/Programs/MiKTeX/fonts/type1/public/lm/lmsy8.pfb><C:/Users/Catherine/Ap
pData/Local/Programs/MiKTeX/fonts/type1/public/lm/lmtt10.pfb><C:/Users/Catherin
e/AppData/Local/Programs/MiKTeX/fonts/type1/public/amsfonts/symbols/msbm10.pfb>

Output written on rank3automata.pdf (62 pages, 606227 bytes).
PDF statistics:
 959 PDF objects out of 1000 (max. 8388607)
 488 named destinations out of 1000 (max. 500000)
 85 words of extra memory for PDF output out of 10000 (max. 10000000)

